[31mfailed to load config from C:\Users\User\Desktop\PAULO\dev\Controle de Fiado\controle-fiado\frontend\vite.config.ts[39m
[31merror when starting dev server:
Error: spawn EPERM
    at ChildProcess.spawn (node:internal/child_process:421:11)
    at Object.spawn (node:child_process:796:9)
    at ensureServiceIsRunning (C:\Users\User\Desktop\PAULO\dev\Controle de Fiado\controle-fiado\node_modules\vite\node_modules\esbuild\lib\main.js:1978:29)
    at build (C:\Users\User\Desktop\PAULO\dev\Controle de Fiado\controle-fiado\node_modules\vite\node_modules\esbuild\lib\main.js:1876:26)
    at bundleConfigFile (file:///C:/Users/User/Desktop/PAULO/dev/Controle%20de%20Fiado/controle-fiado/node_modules/vite/dist/node/chunks/dep-D4NMHUTW.js:49309:24)
    at async bundleAndLoadConfigFile (file:///C:/Users/User/Desktop/PAULO/dev/Controle%20de%20Fiado/controle-fiado/node_modules/vite/dist/node/chunks/dep-D4NMHUTW.js:49293:19)
    at async loadConfigFromFile (file:///C:/Users/User/Desktop/PAULO/dev/Controle%20de%20Fiado/controle-fiado/node_modules/vite/dist/node/chunks/dep-D4NMHUTW.js:49257:44)
    at async resolveConfig (file:///C:/Users/User/Desktop/PAULO/dev/Controle%20de%20Fiado/controle-fiado/node_modules/vite/dist/node/chunks/dep-D4NMHUTW.js:48752:24)
    at async _createServer (file:///C:/Users/User/Desktop/PAULO/dev/Controle%20de%20Fiado/controle-fiado/node_modules/vite/dist/node/chunks/dep-D4NMHUTW.js:38349:66)
    at async CAC.<anonymous> (file:///C:/Users/User/Desktop/PAULO/dev/Controle%20de%20Fiado/controle-fiado/node_modules/vite/dist/node/cli.js:753:20)[39m
npm error Lifecycle script `dev` failed with error:
npm error code 1
npm error path C:\Users\User\Desktop\PAULO\dev\Controle de Fiado\controle-fiado\frontend
npm error workspace @controle-fiado/frontend@0.1.0
npm error location C:\Users\User\Desktop\PAULO\dev\Controle de Fiado\controle-fiado\frontend
npm error command failed
npm error command C:\WINDOWS\system32\cmd.exe /d /s /c vite --port 5174
